<?xml version="1.0" encoding="UTF-8"?>
<testsuite name="JUnit Jupiter" tests="21" skipped="0" failures="0" errors="0" time="1.325" hostname="DESKTOP-VML0FAR" timestamp="2018-03-09T01:13:08">
<properties>
[...]
</properties>
<testcase name="checkIfWordIsInValid()" classname="game.SpellCheckServiceTest" time="0.261">
<system-out><![CDATA[
unique-id: [engine:junit-jupiter]/[class:game.SpellCheckServiceTest]/[method:checkIfWordIsInValid()]
display-name: checkIfWordIsInValid()
]]></system-out>
</testcase>
<testcase name="canary()" classname="game.SpellCheckServiceTest" time="0.006">
<system-out><![CDATA[
unique-id: [engine:junit-jupiter]/[class:game.SpellCheckServiceTest]/[method:canary()]
display-name: canary()
]]></system-out>
</testcase>
<testcase name="checkIfWordIsValid()" classname="game.SpellCheckServiceTest" time="0.029">
<system-out><![CDATA[
unique-id: [engine:junit-jupiter]/[class:game.SpellCheckServiceTest]/[method:checkIfWordIsValid()]
display-name: checkIfWordIsValid()
]]></system-out>
</testcase>
<testcase name="checkForNetworkFailureWithAStub()" classname="game.SpellCheckServiceTest" time="0.834">
<system-out><![CDATA[
unique-id: [engine:junit-jupiter]/[class:game.SpellCheckServiceTest]/[method:checkForNetworkFailureWithAStub()]
display-name: checkForNetworkFailureWithAStub()
]]></system-out>
</testcase>
<testcase name="ScoreWhenUserGuessMatch()" classname="game.WordguessTest" time="0.042">
<system-out><![CDATA[
unique-id: [engine:junit-jupiter]/[class:game.WordguessTest]/[method:ScoreWhenUserGuessMatch()]
display-name: ScoreWhenUserGuessMatch()
]]></system-out>
</testcase>
<testcase name="canary()" classname="game.WordguessTest" time="0.001">
<system-out><![CDATA[
unique-id: [engine:junit-jupiter]/[class:game.WordguessTest]/[method:canary()]
display-name: canary()
]]></system-out>
</testcase>
<testcase name="ScoreWhenUserGuessOneConsonantCorrect()" classname="game.WordguessTest" time="0.002">
<system-out><![CDATA[
unique-id: [engine:junit-jupiter]/[class:game.WordguessTest]/[method:ScoreWhenUserGuessOneConsonantCorrect()]
display-name: ScoreWhenUserGuessOneConsonantCorrect()
]]></system-out>
</testcase>
<testcase name="isScrambledWordDifferentForTheDifferentSeed()" classname="game.WordguessTest" time="0.002">
<system-out><![CDATA[
unique-id: [engine:junit-jupiter]/[class:game.WordguessTest]/[method:isScrambledWordDifferentForTheDifferentSeed()]
display-name: isScrambledWordDifferentForTheDifferentSeed()
]]></system-out>
</testcase>
<testcase name="isRandomWordChosenForDifferentSeedsAreDifferent()" classname="game.WordguessTest" time="0.001">
<system-out><![CDATA[
unique-id: [engine:junit-jupiter]/[class:game.WordguessTest]/[method:isRandomWordChosenForDifferentSeedsAreDifferent()]
display-name: isRandomWordChosenForDifferentSeedsAreDifferent()
]]></system-out>
</testcase>
<testcase name="isScrambledWordSameForTheSameSeed()" classname="game.WordguessTest" time="0.003">
<system-out><![CDATA[
unique-id: [engine:junit-jupiter]/[class:game.WordguessTest]/[method:isScrambledWordSameForTheSameSeed()]
display-name: isScrambledWordSameForTheSameSeed()
]]></system-out>
</testcase>
<testcase name="ScoreWhenUserGuessIsValidWordButInvalidLetter()" classname="game.WordguessTest" time="0">
<system-out><![CDATA[
unique-id: [engine:junit-jupiter]/[class:game.WordguessTest]/[method:ScoreWhenUserGuessIsValidWordButInvalidLetter()]
display-name: ScoreWhenUserGuessIsValidWordButInvalidLetter()
]]></system-out>
</testcase>
<testcase name="scoreWhenUserGuessIsSpeltWrong()" classname="game.WordguessTest" time="0.004">
<system-out><![CDATA[
unique-id: [engine:junit-jupiter]/[class:game.WordguessTest]/[method:scoreWhenUserGuessIsSpeltWrong()]
display-name: scoreWhenUserGuessIsSpeltWrong()
]]></system-out>
</testcase>
<testcase name="scoreWhenANonDuplicateLetterInGuessIsDuplicated()" classname="game.WordguessTest" time="0.002">
<system-out><![CDATA[
unique-id: [engine:junit-jupiter]/[class:game.WordguessTest]/[method:scoreWhenANonDuplicateLetterInGuessIsDuplicated()]
display-name: scoreWhenANonDuplicateLetterInGuessIsDuplicated()
]]></system-out>
</testcase>
<testcase name="isRandomWordChosenSameForSameSeed()" classname="game.WordguessTest" time="0.002">
<system-out><![CDATA[
unique-id: [engine:junit-jupiter]/[class:game.WordguessTest]/[method:isRandomWordChosenSameForSameSeed()]
display-name: isRandomWordChosenSameForSameSeed()
]]></system-out>
</testcase>
<testcase name="scoreWhenTheNetworkFails()" classname="game.WordguessTest" time="0.004">
<system-out><![CDATA[
unique-id: [engine:junit-jupiter]/[class:game.WordguessTest]/[method:scoreWhenTheNetworkFails()]
display-name: scoreWhenTheNetworkFails()
]]></system-out>
</testcase>
<testcase name="isScrambledWordEqualsOriginalWord()" classname="game.WordguessTest" time="0.008">
<system-out><![CDATA[
unique-id: [engine:junit-jupiter]/[class:game.WordguessTest]/[method:isScrambledWordEqualsOriginalWord()]
display-name: isScrambledWordEqualsOriginalWord()
]]></system-out>
</testcase>
<testcase name="ScoreWhenUserGuessIsValidWord()" classname="game.WordguessTest" time="0.002">
<system-out><![CDATA[
unique-id: [engine:junit-jupiter]/[class:game.WordguessTest]/[method:ScoreWhenUserGuessIsValidWord()]
display-name: ScoreWhenUserGuessIsValidWord()
]]></system-out>
</testcase>
<testcase name="isWordTrulyScrambled()" classname="game.WordguessTest" time="0.007">
<system-out><![CDATA[
unique-id: [engine:junit-jupiter]/[class:game.WordguessTest]/[method:isWordTrulyScrambled()]
display-name: isWordTrulyScrambled()
]]></system-out>
</testcase>
<testcase name="isLengthOfScrambledWordEqualsChosenWord()" classname="game.WordguessTest" time="0.001">
<system-out><![CDATA[
unique-id: [engine:junit-jupiter]/[class:game.WordguessTest]/[method:isLengthOfScrambledWordEqualsChosenWord()]
display-name: isLengthOfScrambledWordEqualsChosenWord()
]]></system-out>
</testcase>
<testcase name="ScoreWhenUserGuessOneVowelCorrect()" classname="game.WordguessTest" time="0.002">
<system-out><![CDATA[
unique-id: [engine:junit-jupiter]/[class:game.WordguessTest]/[method:ScoreWhenUserGuessOneVowelCorrect()]
display-name: ScoreWhenUserGuessOneVowelCorrect()
]]></system-out>
</testcase>
<testcase name="isRandomWordPartOfWordList()" classname="game.WordguessTest" time="0.002">
<system-out><![CDATA[
unique-id: [engine:junit-jupiter]/[class:game.WordguessTest]/[method:isRandomWordPartOfWordList()]
display-name: isRandomWordPartOfWordList()
]]></system-out>
</testcase>
<system-out><![CDATA[
unique-id: [engine:junit-jupiter]
display-name: JUnit Jupiter
]]></system-out>
</testsuite>
